Removed Pin From Net: NetName=GND Pin=U?-8
Removed Pin From Net: NetName=SIM_VDD Pin=U?-12
Removed Pin From Net: NetName=SIM_DAT Pin=U?-13
Removed Pin From Net: NetName=SIM_CLK Pin=U?-14
Removed Pin From Net: NetName=SIM_RST Pin=U?-15
Removed Pin From Net: NetName=POWER_ON Pin=U?-18
Added Component: Designator=U?(QUECTEL_M10)
Added Pin To Net: NetName=GND Pin=U?-8
Added Pin To Net: NetName=RX Pin=U?-12
Added Pin To Net: NetName=SIM_VDD Pin=U?-12
Added Pin To Net: NetName=SIM_DAT Pin=U?-13
Added Pin To Net: NetName=SIM_CLK Pin=U?-14
Added Pin To Net: NetName=SIM_RST Pin=U?-15
Added Pin To Net: NetName=PGC Pin=U?-18
Added Pin To Net: NetName=POWER_ON Pin=U?-18
Added Pin To Net: NetName=AGND Pin=U?-19
Added Pin To Net: NetName=BUZZER Pin=U?-39
Added Pin To Net: NetName=GND Pin=U?-42
Added Pin To Net: NetName=RF_ANT Pin=U?-43
Added Pin To Net: NetName=GND Pin=U?-44
Added Pin To Net: NetName=GND Pin=U?-45
Added Pin To Net: NetName=GND Pin=U?-46
Added Pin To Net: NetName=GND Pin=U?-47
Added Pin To Net: NetName=GND Pin=U?-48
Added Pin To Net: NetName=GND Pin=U?-49
Added Pin To Net: NetName=4V Pin=U?-50
Added Pin To Net: NetName=4V Pin=U?-51
Added Pin To Net: NetName=4V Pin=U?-52
Added Pin To Net: NetName=GND Pin=U?-58
Added Pin To Net: NetName=RX Pin=U?-60
Added Pin To Net: NetName=TX Pin=U?-61
